<?xml version="1.0" encoding="UTF-8"?>
<!-- Generated by org.testng.reporters.JUnitXMLReporter -->
<testsuite hostname="SAGAR-AHUJA" ignored="0" name="Test" tests="8" failures="2" timestamp="2020-12-30T17:48:36 AEDT" time="198.442" errors="0">
  <testcase name="verifyAlertBox" time="3.136" classname="com.tests.SearchFeatureTest"/>
  <testcase name="verifyAlertBoxText" time="0.446" classname="com.tests.SearchFeatureTest"/>
  <testcase name="verifyProductSearch" time="10.059" classname="com.tests.SearchFeatureTest"/>
  <testcase name="verifySearchBoxPlaceholderText" time="2.385" classname="com.tests.SearchFeatureTest">
    <failure type="java.lang.AssertionError" message="expected [null] but found [Search our products, services &amp;amp; D.I.Y. Advice]">
      <![CDATA[java.lang.AssertionError: expected [null] but found [Search our products, services & D.I.Y. Advice]
at com.tests.SearchFeatureTest.verifySearchBoxPlaceholderText(SearchFeatureTest.java:35)
at java.util.ArrayList.forEach(Unknown Source)
... Removed 33 stack frames]]>
    </failure>
  </testcase> <!-- verifySearchBoxPlaceholderText -->
  <testcase name="verifyAlertBox" time="0.31" classname="com.tests.SearchFeatureTest2"/>
  <testcase name="verifyAlertBoxText" time="2.107" classname="com.tests.SearchFeatureTest2"/>
  <testcase name="verifyProductSearch" time="11.121" classname="com.tests.SearchFeatureTest2"/>
  <testcase name="verifySearchBoxPlaceholderText" time="1.813" classname="com.tests.SearchFeatureTest2">
    <failure type="java.lang.AssertionError" message="expected [null] but found [Search our products, services &amp;amp; D.I.Y. Advice]">
      <![CDATA[java.lang.AssertionError: expected [null] but found [Search our products, services & D.I.Y. Advice]
at com.tests.SearchFeatureTest2.verifySearchBoxPlaceholderText(SearchFeatureTest2.java:35)
at java.util.ArrayList.forEach(Unknown Source)
... Removed 33 stack frames]]>
    </failure>
  </testcase> <!-- verifySearchBoxPlaceholderText -->
</testsuite> <!-- Test -->
