<?xml version="1.0" encoding="UTF-8"?>
<testng-results skipped="0" failed="2" ignored="0" total="8" passed="6">
  <reporter-output>
  </reporter-output>
  <suite name="Suite" duration-ms="198442" started-at="2020-12-30T17:45:18 AEDT" finished-at="2020-12-30T17:48:36 AEDT">
    <groups>
    </groups>
    <test name="Test" duration-ms="198442" started-at="2020-12-30T17:45:18 AEDT" finished-at="2020-12-30T17:48:36 AEDT">
      <class name="com.tests.SearchFeatureTest">
        <test-method status="PASS" signature="setUp()[pri:0, instance:com.tests.SearchFeatureTest@799d4f69]" name="setUp" is-config="true" duration-ms="25536" started-at="2020-12-30T17:45:18 AEDT" finished-at="2020-12-30T17:45:43 AEDT">
          <reporter-output>
          </reporter-output>
        </test-method> <!-- setUp -->
        <test-method status="PASS" signature="verifyAlertBox()[pri:0, instance:com.tests.SearchFeatureTest@799d4f69]" name="verifyAlertBox" duration-ms="3136" started-at="2020-12-30T17:45:43 AEDT" finished-at="2020-12-30T17:45:47 AEDT">
          <reporter-output>
          </reporter-output>
        </test-method> <!-- verifyAlertBox -->
        <test-method status="PASS" signature="tearDown()[pri:0, instance:com.tests.SearchFeatureTest@799d4f69]" name="tearDown" is-config="true" duration-ms="1031" started-at="2020-12-30T17:45:47 AEDT" finished-at="2020-12-30T17:45:48 AEDT">
          <reporter-output>
          </reporter-output>
        </test-method> <!-- tearDown -->
        <test-method status="PASS" signature="setUp()[pri:0, instance:com.tests.SearchFeatureTest@799d4f69]" name="setUp" is-config="true" duration-ms="17152" started-at="2020-12-30T17:45:48 AEDT" finished-at="2020-12-30T17:46:05 AEDT">
          <reporter-output>
          </reporter-output>
        </test-method> <!-- setUp -->
        <test-method status="PASS" signature="verifyAlertBoxText()[pri:0, instance:com.tests.SearchFeatureTest@799d4f69]" name="verifyAlertBoxText" duration-ms="446" started-at="2020-12-30T17:46:05 AEDT" finished-at="2020-12-30T17:46:05 AEDT">
          <reporter-output>
          </reporter-output>
        </test-method> <!-- verifyAlertBoxText -->
        <test-method status="PASS" signature="tearDown()[pri:0, instance:com.tests.SearchFeatureTest@799d4f69]" name="tearDown" is-config="true" duration-ms="1404" started-at="2020-12-30T17:46:05 AEDT" finished-at="2020-12-30T17:46:07 AEDT">
          <reporter-output>
          </reporter-output>
        </test-method> <!-- tearDown -->
        <test-method status="PASS" signature="setUp()[pri:0, instance:com.tests.SearchFeatureTest@799d4f69]" name="setUp" is-config="true" duration-ms="15907" started-at="2020-12-30T17:46:07 AEDT" finished-at="2020-12-30T17:46:23 AEDT">
          <reporter-output>
          </reporter-output>
        </test-method> <!-- setUp -->
        <test-method status="PASS" signature="verifyProductSearch()[pri:0, instance:com.tests.SearchFeatureTest@799d4f69]" name="verifyProductSearch" duration-ms="10059" started-at="2020-12-30T17:46:23 AEDT" finished-at="2020-12-30T17:46:33 AEDT">
          <reporter-output>
          </reporter-output>
        </test-method> <!-- verifyProductSearch -->
        <test-method status="PASS" signature="tearDown()[pri:0, instance:com.tests.SearchFeatureTest@799d4f69]" name="tearDown" is-config="true" duration-ms="1584" started-at="2020-12-30T17:46:33 AEDT" finished-at="2020-12-30T17:46:34 AEDT">
          <reporter-output>
          </reporter-output>
        </test-method> <!-- tearDown -->
        <test-method status="PASS" signature="setUp()[pri:0, instance:com.tests.SearchFeatureTest@799d4f69]" name="setUp" is-config="true" duration-ms="25192" started-at="2020-12-30T17:46:34 AEDT" finished-at="2020-12-30T17:46:59 AEDT">
          <reporter-output>
          </reporter-output>
        </test-method> <!-- setUp -->
        <test-method status="FAIL" signature="verifySearchBoxPlaceholderText()[pri:0, instance:com.tests.SearchFeatureTest@799d4f69]" name="verifySearchBoxPlaceholderText" duration-ms="2385" started-at="2020-12-30T17:46:59 AEDT" finished-at="2020-12-30T17:47:02 AEDT">
          <exception class="java.lang.AssertionError">
            <message>
              <![CDATA[expected [null] but found [Search our products, services & D.I.Y. Advice]]]>
            </message>
            <full-stacktrace>
              <![CDATA[java.lang.AssertionError: expected [null] but found [Search our products, services & D.I.Y. Advice]
at org.testng.Assert.fail(Assert.java:99)
at org.testng.Assert.failNotEquals(Assert.java:1037)
at org.testng.Assert.assertEqualsImpl(Assert.java:140)
at org.testng.Assert.assertEquals(Assert.java:122)
at org.testng.Assert.assertEquals(Assert.java:629)
at org.testng.Assert.assertEquals(Assert.java:639)
at com.tests.SearchFeatureTest.verifySearchBoxPlaceholderText(SearchFeatureTest.java:35)
at sun.reflect.NativeMethodAccessorImpl.invoke0(Native Method)
at sun.reflect.NativeMethodAccessorImpl.invoke(Unknown Source)
at sun.reflect.DelegatingMethodAccessorImpl.invoke(Unknown Source)
at java.lang.reflect.Method.invoke(Unknown Source)
at org.testng.internal.MethodInvocationHelper.invokeMethod(MethodInvocationHelper.java:132)
at org.testng.internal.TestInvoker.invokeMethod(TestInvoker.java:599)
at org.testng.internal.TestInvoker.invokeTestMethod(TestInvoker.java:174)
at org.testng.internal.MethodRunner.runInSequence(MethodRunner.java:46)
at org.testng.internal.TestInvoker$MethodInvocationAgent.invoke(TestInvoker.java:822)
at org.testng.internal.TestInvoker.invokeTestMethods(TestInvoker.java:147)
at org.testng.internal.TestMethodWorker.invokeTestMethods(TestMethodWorker.java:146)
at org.testng.internal.TestMethodWorker.run(TestMethodWorker.java:128)
at java.util.ArrayList.forEach(Unknown Source)
at org.testng.TestRunner.privateRun(TestRunner.java:764)
at org.testng.TestRunner.run(TestRunner.java:585)
at org.testng.SuiteRunner.runTest(SuiteRunner.java:384)
at org.testng.SuiteRunner.runSequentially(SuiteRunner.java:378)
at org.testng.SuiteRunner.privateRun(SuiteRunner.java:337)
at org.testng.SuiteRunner.run(SuiteRunner.java:286)
at org.testng.SuiteRunnerWorker.runSuite(SuiteRunnerWorker.java:53)
at org.testng.SuiteRunnerWorker.run(SuiteRunnerWorker.java:96)
at org.testng.TestNG.runSuitesSequentially(TestNG.java:1218)
at org.testng.TestNG.runSuitesLocally(TestNG.java:1140)
at org.testng.TestNG.runSuites(TestNG.java:1069)
at org.testng.TestNG.run(TestNG.java:1037)
at org.testng.remote.AbstractRemoteTestNG.run(AbstractRemoteTestNG.java:115)
at org.testng.remote.RemoteTestNG.initAndRun(RemoteTestNG.java:251)
at org.testng.remote.RemoteTestNG.main(RemoteTestNG.java:77)
]]>
            </full-stacktrace>
          </exception> <!-- java.lang.AssertionError -->
          <reporter-output>
          </reporter-output>
        </test-method> <!-- verifySearchBoxPlaceholderText -->
        <test-method status="PASS" signature="tearDown()[pri:0, instance:com.tests.SearchFeatureTest@799d4f69]" name="tearDown" is-config="true" duration-ms="919" started-at="2020-12-30T17:47:03 AEDT" finished-at="2020-12-30T17:47:04 AEDT">
          <reporter-output>
          </reporter-output>
        </test-method> <!-- tearDown -->
      </class> <!-- com.tests.SearchFeatureTest -->
      <class name="com.tests.SearchFeatureTest2">
        <test-method status="PASS" signature="setUp()[pri:0, instance:com.tests.SearchFeatureTest2@49c43f4e]" name="setUp" is-config="true" duration-ms="22356" started-at="2020-12-30T17:47:04 AEDT" finished-at="2020-12-30T17:47:26 AEDT">
          <reporter-output>
          </reporter-output>
        </test-method> <!-- setUp -->
        <test-method status="PASS" signature="verifyAlertBox()[pri:0, instance:com.tests.SearchFeatureTest2@49c43f4e]" name="verifyAlertBox" duration-ms="310" started-at="2020-12-30T17:47:26 AEDT" finished-at="2020-12-30T17:47:26 AEDT">
          <reporter-output>
          </reporter-output>
        </test-method> <!-- verifyAlertBox -->
        <test-method status="PASS" signature="tearDown()[pri:0, instance:com.tests.SearchFeatureTest2@49c43f4e]" name="tearDown" is-config="true" duration-ms="861" started-at="2020-12-30T17:47:26 AEDT" finished-at="2020-12-30T17:47:27 AEDT">
          <reporter-output>
          </reporter-output>
        </test-method> <!-- tearDown -->
        <test-method status="PASS" signature="setUp()[pri:0, instance:com.tests.SearchFeatureTest2@49c43f4e]" name="setUp" is-config="true" duration-ms="18242" started-at="2020-12-30T17:47:27 AEDT" finished-at="2020-12-30T17:47:46 AEDT">
          <reporter-output>
          </reporter-output>
        </test-method> <!-- setUp -->
        <test-method status="PASS" signature="verifyAlertBoxText()[pri:0, instance:com.tests.SearchFeatureTest2@49c43f4e]" name="verifyAlertBoxText" duration-ms="2107" started-at="2020-12-30T17:47:46 AEDT" finished-at="2020-12-30T17:47:48 AEDT">
          <reporter-output>
          </reporter-output>
        </test-method> <!-- verifyAlertBoxText -->
        <test-method status="PASS" signature="tearDown()[pri:0, instance:com.tests.SearchFeatureTest2@49c43f4e]" name="tearDown" is-config="true" duration-ms="993" started-at="2020-12-30T17:47:48 AEDT" finished-at="2020-12-30T17:47:49 AEDT">
          <reporter-output>
          </reporter-output>
        </test-method> <!-- tearDown -->
        <test-method status="PASS" signature="setUp()[pri:0, instance:com.tests.SearchFeatureTest2@49c43f4e]" name="setUp" is-config="true" duration-ms="15085" started-at="2020-12-30T17:47:49 AEDT" finished-at="2020-12-30T17:48:04 AEDT">
          <reporter-output>
          </reporter-output>
        </test-method> <!-- setUp -->
        <test-method status="PASS" signature="verifyProductSearch()[pri:0, instance:com.tests.SearchFeatureTest2@49c43f4e]" name="verifyProductSearch" duration-ms="11121" started-at="2020-12-30T17:48:04 AEDT" finished-at="2020-12-30T17:48:15 AEDT">
          <reporter-output>
          </reporter-output>
        </test-method> <!-- verifyProductSearch -->
        <test-method status="PASS" signature="tearDown()[pri:0, instance:com.tests.SearchFeatureTest2@49c43f4e]" name="tearDown" is-config="true" duration-ms="1015" started-at="2020-12-30T17:48:15 AEDT" finished-at="2020-12-30T17:48:16 AEDT">
          <reporter-output>
          </reporter-output>
        </test-method> <!-- tearDown -->
        <test-method status="PASS" signature="setUp()[pri:0, instance:com.tests.SearchFeatureTest2@49c43f4e]" name="setUp" is-config="true" duration-ms="16727" started-at="2020-12-30T17:48:16 AEDT" finished-at="2020-12-30T17:48:33 AEDT">
          <reporter-output>
          </reporter-output>
        </test-method> <!-- setUp -->
        <test-method status="FAIL" signature="verifySearchBoxPlaceholderText()[pri:0, instance:com.tests.SearchFeatureTest2@49c43f4e]" name="verifySearchBoxPlaceholderText" duration-ms="1813" started-at="2020-12-30T17:48:33 AEDT" finished-at="2020-12-30T17:48:34 AEDT">
          <exception class="java.lang.AssertionError">
            <message>
              <![CDATA[expected [null] but found [Search our products, services & D.I.Y. Advice]]]>
            </message>
            <full-stacktrace>
              <![CDATA[java.lang.AssertionError: expected [null] but found [Search our products, services & D.I.Y. Advice]
at org.testng.Assert.fail(Assert.java:99)
at org.testng.Assert.failNotEquals(Assert.java:1037)
at org.testng.Assert.assertEqualsImpl(Assert.java:140)
at org.testng.Assert.assertEquals(Assert.java:122)
at org.testng.Assert.assertEquals(Assert.java:629)
at org.testng.Assert.assertEquals(Assert.java:639)
at com.tests.SearchFeatureTest2.verifySearchBoxPlaceholderText(SearchFeatureTest2.java:35)
at sun.reflect.NativeMethodAccessorImpl.invoke0(Native Method)
at sun.reflect.NativeMethodAccessorImpl.invoke(Unknown Source)
at sun.reflect.DelegatingMethodAccessorImpl.invoke(Unknown Source)
at java.lang.reflect.Method.invoke(Unknown Source)
at org.testng.internal.MethodInvocationHelper.invokeMethod(MethodInvocationHelper.java:132)
at org.testng.internal.TestInvoker.invokeMethod(TestInvoker.java:599)
at org.testng.internal.TestInvoker.invokeTestMethod(TestInvoker.java:174)
at org.testng.internal.MethodRunner.runInSequence(MethodRunner.java:46)
at org.testng.internal.TestInvoker$MethodInvocationAgent.invoke(TestInvoker.java:822)
at org.testng.internal.TestInvoker.invokeTestMethods(TestInvoker.java:147)
at org.testng.internal.TestMethodWorker.invokeTestMethods(TestMethodWorker.java:146)
at org.testng.internal.TestMethodWorker.run(TestMethodWorker.java:128)
at java.util.ArrayList.forEach(Unknown Source)
at org.testng.TestRunner.privateRun(TestRunner.java:764)
at org.testng.TestRunner.run(TestRunner.java:585)
at org.testng.SuiteRunner.runTest(SuiteRunner.java:384)
at org.testng.SuiteRunner.runSequentially(SuiteRunner.java:378)
at org.testng.SuiteRunner.privateRun(SuiteRunner.java:337)
at org.testng.SuiteRunner.run(SuiteRunner.java:286)
at org.testng.SuiteRunnerWorker.runSuite(SuiteRunnerWorker.java:53)
at org.testng.SuiteRunnerWorker.run(SuiteRunnerWorker.java:96)
at org.testng.TestNG.runSuitesSequentially(TestNG.java:1218)
at org.testng.TestNG.runSuitesLocally(TestNG.java:1140)
at org.testng.TestNG.runSuites(TestNG.java:1069)
at org.testng.TestNG.run(TestNG.java:1037)
at org.testng.remote.AbstractRemoteTestNG.run(AbstractRemoteTestNG.java:115)
at org.testng.remote.RemoteTestNG.initAndRun(RemoteTestNG.java:251)
at org.testng.remote.RemoteTestNG.main(RemoteTestNG.java:77)
]]>
            </full-stacktrace>
          </exception> <!-- java.lang.AssertionError -->
          <reporter-output>
          </reporter-output>
        </test-method> <!-- verifySearchBoxPlaceholderText -->
        <test-method status="PASS" signature="tearDown()[pri:0, instance:com.tests.SearchFeatureTest2@49c43f4e]" name="tearDown" is-config="true" duration-ms="895" started-at="2020-12-30T17:48:35 AEDT" finished-at="2020-12-30T17:48:36 AEDT">
          <reporter-output>
          </reporter-output>
        </test-method> <!-- tearDown -->
      </class> <!-- com.tests.SearchFeatureTest2 -->
    </test> <!-- Test -->
  </suite> <!-- Suite -->
</testng-results>
